<?xml version="1.0" encoding="UTF-8"?>
<!-- Generated by org.testng.reporters.JUnitReportReporter -->
<testsuite hostname="DESKTOP-CU4ES2V" failures="0" tests="1" name="URLTEST.testurl" time="31.909" errors="0" timestamp="2023-01-04T16:38:17 IST" skipped="0">
  <testcase classname="URLTEST.testurl" name="anu" time="31.909"/>
  <system-out/>
</testsuite> <!-- URLTEST.testurl -->
