<?xml version="1.0" encoding="UTF-8"?>
<!-- Generated by org.testng.reporters.JUnitReportReporter -->
<testsuite hostname="DESKTOP-CU4ES2V" failures="0" tests="1" name="URLTEST.testurl" time="10.456" errors="0" timestamp="2023-01-11T13:40:53 IST" skipped="0">
  <testcase classname="URLTEST.testurl" name="anu" time="10.456"/>
  <system-out/>
</testsuite> <!-- URLTEST.testurl -->
